<?xml version="1.0" encoding="UTF-8"?>
<testng-results ignored="0" total="1" passed="1" failed="0" skipped="0">
  <reporter-output>
  </reporter-output>
  <suite started-at="2024-01-24T12:22:14 IST" name="Default suite" finished-at="2024-01-24T12:23:10 IST" duration-ms="55425">
    <groups>
    </groups>
    <test started-at="2024-01-24T12:22:14 IST" name="Default test" finished-at="2024-01-24T12:23:10 IST" duration-ms="55425">
      <class name="Datamatics.Tests.Standalonetest2">
        <test-method is-config="true" signature="launchapplication()[pri:0, instance:Datamatics.Tests.Standalonetest2@6574a52c]" started-at="2024-01-24T12:22:15 IST" name="launchapplication" finished-at="2024-01-24T12:22:20 IST" duration-ms="5294" status="PASS">
          <reporter-output>
          </reporter-output>
        </test-method> <!-- launchapplication -->
        <test-method signature="Submitgrievance()[pri:0, instance:Datamatics.Tests.Standalonetest2@6574a52c]" started-at="2024-01-24T12:22:20 IST" name="Submitgrievance" finished-at="2024-01-24T12:23:10 IST" duration-ms="49944" status="PASS">
          <reporter-output>
          </reporter-output>
        </test-method> <!-- Submitgrievance -->
        <test-method is-config="true" signature="closedriver()[pri:0, instance:Datamatics.Tests.Standalonetest2@6574a52c]" started-at="2024-01-24T12:23:10 IST" name="closedriver" finished-at="2024-01-24T12:23:10 IST" duration-ms="130" status="PASS">
          <reporter-output>
          </reporter-output>
        </test-method> <!-- closedriver -->
      </class> <!-- Datamatics.Tests.Standalonetest2 -->
    </test> <!-- Default test -->
  </suite> <!-- Default suite -->
</testng-results>
